ca65 V2.18 - N/A
Main file   : chr_generic.s
Current file: chr_generic.s

000000r 1               
000000r 1               ;;{w:8,h:8,bpp:1,count:256,brev:1,np:2,pofs:8,remap:[0,1,2,4,5,6,7,8,9,10,11,12]};;
000000r 1               
000000r 1               .segment "CHARS"
000000r 1  00 00 00 00  .byte $00,$00,$00,$00,$00,$00,$00,$00
000004r 1  00 00 00 00  
000008r 1  00 00 00 00  .byte $00,$00,$00,$00,$00,$00,$00,$00
00000Cr 1  00 00 00 00  
000010r 1  00 00 00 00  .byte $00,$00,$00,$00,$00,$00,$00,$00
000014r 1  00 00 00 00  
000018r 1  FF FF FF FF  .byte $FF,$FF,$FF,$FF,$FF,$FF,$FF,$FF
00001Cr 1  FF FF FF FF  
000020r 1  FF FF FF FF  .byte $FF,$FF,$FF,$FF,$FF,$FF,$FF,$FF
000024r 1  FF FF FF FF  
000028r 1  00 00 00 00  .byte $00,$00,$00,$00,$00,$00,$00,$00
00002Cr 1  00 00 00 00  
000030r 1  FF FF FF FF  .byte $FF,$FF,$FF,$FF,$FF,$FF,$FF,$FF
000034r 1  FF FF FF FF  
000038r 1  FF FF FF FF  .byte $FF,$FF,$FF,$FF,$FF,$FF,$FF,$FF
00003Cr 1  FF FF FF FF  
000040r 1  55 AA 55 AA  .byte $55,$AA,$55,$AA,$55,$AA,$55,$AA
000044r 1  55 AA 55 AA  
000048r 1  00 00 00 00  .byte $00,$00,$00,$00,$00,$00,$00,$00
00004Cr 1  00 00 00 00  
000050r 1  55 AA 55 AA  .byte $55,$AA,$55,$AA,$55,$AA,$55,$AA
000054r 1  55 AA 55 AA  
000058r 1  55 AA 55 AA  .byte $55,$AA,$55,$AA,$55,$AA,$55,$AA
00005Cr 1  55 AA 55 AA  
000060r 1  00 00 00 00  .byte $00,$00,$00,$00,$00,$00,$00,$00
000064r 1  00 00 00 00  
000068r 1  55 AA 55 AA  .byte $55,$AA,$55,$AA,$55,$AA,$55,$AA
00006Cr 1  55 AA 55 AA  
000070r 1  FF FF FF FF  .byte $FF,$FF,$FF,$FF,$FF,$FF,$FF,$FF
000074r 1  FF FF FF FF  
000078r 1  AA 55 AA 55  .byte $AA,$55,$AA,$55,$AA,$55,$AA,$55
00007Cr 1  AA 55 AA 55  
000080r 1  AA 55 AA 55  .byte $AA,$55,$AA,$55,$AA,$55,$AA,$55
000084r 1  AA 55 AA 55  
000088r 1  FF FF FF FF  .byte $FF,$FF,$FF,$FF,$FF,$FF,$FF,$FF
00008Cr 1  FF FF FF FF  
000090r 1  AA 55 AA 55  .byte $AA,$55,$AA,$55,$AA,$55,$AA,$55
000094r 1  AA 55 AA 55  
000098r 1  55 AA 55 AA  .byte $55,$AA,$55,$AA,$55,$AA,$55,$AA
00009Cr 1  55 AA 55 AA  
0000A0r 1  33 CC 33 CC  .byte $33,$CC,$33,$CC,$33,$CC,$33,$CC
0000A4r 1  33 CC 33 CC  
0000A8r 1  00 00 00 00  .byte $00,$00,$00,$00,$00,$00,$00,$00
0000ACr 1  00 00 00 00  
0000B0r 1  33 CC 33 CC  .byte $33,$CC,$33,$CC,$33,$CC,$33,$CC
0000B4r 1  33 CC 33 CC  
0000B8r 1  33 CC 33 CC  .byte $33,$CC,$33,$CC,$33,$CC,$33,$CC
0000BCr 1  33 CC 33 CC  
0000C0r 1  00 00 00 00  .byte $00,$00,$00,$00,$00,$00,$00,$00
0000C4r 1  00 00 00 00  
0000C8r 1  33 CC 33 CC  .byte $33,$CC,$33,$CC,$33,$CC,$33,$CC
0000CCr 1  33 CC 33 CC  
0000D0r 1  FF FF FF FF  .byte $FF,$FF,$FF,$FF,$FF,$FF,$FF,$FF
0000D4r 1  FF FF FF FF  
0000D8r 1  CC 33 CC 33  .byte $CC,$33,$CC,$33,$CC,$33,$CC,$33
0000DCr 1  CC 33 CC 33  
0000E0r 1  CC 33 CC 33  .byte $CC,$33,$CC,$33,$CC,$33,$CC,$33
0000E4r 1  CC 33 CC 33  
0000E8r 1  FF FF FF FF  .byte $FF,$FF,$FF,$FF,$FF,$FF,$FF,$FF
0000ECr 1  FF FF FF FF  
0000F0r 1  CC 33 CC 33  .byte $CC,$33,$CC,$33,$CC,$33,$CC,$33
0000F4r 1  CC 33 CC 33  
0000F8r 1  33 CC 33 CC  .byte $33,$CC,$33,$CC,$33,$CC,$33,$CC
0000FCr 1  33 CC 33 CC  
000100r 1  3E 7F 7F 7F  .byte $3E,$7F,$7F,$7F,$7F,$7F,$7F,$3E
000104r 1  7F 7F 7F 3E  
000108r 1  3C 42 5A 52  .byte $3C,$42,$5A,$52,$5A,$42,$3C,$00
00010Cr 1  5A 42 3C 00  
000110r 1  FE FF 7F 7B  .byte $FE,$FF,$7F,$7B,$7B,$00,$00,$00
000114r 1  7B 00 00 00  
000118r 1  F4 4A 52 52  .byte $F4,$4A,$52,$52,$00,$00,$00,$00
00011Cr 1  00 00 00 00  
000120r 1  0F 0F 0F 3F  .byte $0F,$0F,$0F,$3F,$7E,$7E,$7E,$3C
000124r 1  7E 7E 7E 3C  
000128r 1  0E 06 0A 38  .byte $0E,$06,$0A,$38,$6C,$6C,$38,$00
00012Cr 1  6C 6C 38 00  
000130r 1  3C 7E 7E 7E  .byte $3C,$7E,$7E,$7E,$3C,$3C,$3C,$18
000134r 1  3C 3C 3C 18  
000138r 1  38 6C 6C 38  .byte $38,$6C,$6C,$38,$10,$38,$10,$00
00013Cr 1  10 38 10 00  
000140r 1  18 3C 7E FF  .byte $18,$3C,$7E,$FF,$FF,$FF,$3C,$3C
000144r 1  FF FF 3C 3C  
000148r 1  10 38 7C FE  .byte $10,$38,$7C,$FE,$EE,$10,$38,$00
00014Cr 1  EE 10 38 00  
000150r 1  7E FF FF FF  .byte $7E,$FF,$FF,$FF,$FF,$7E,$3C,$18
000154r 1  FF 7E 3C 18  
000158r 1  6C FE FE FE  .byte $6C,$FE,$FE,$FE,$7C,$38,$10,$00
00015Cr 1  7C 38 10 00  
000160r 1  18 3C 7E FF  .byte $18,$3C,$7E,$FF,$FF,$7E,$3C,$18
000164r 1  FF 7E 3C 18  
000168r 1  10 38 7C FE  .byte $10,$38,$7C,$FE,$7C,$38,$10,$00
00016Cr 1  7C 38 10 00  
000170r 1  3C 7E 7E FF  .byte $3C,$7E,$7E,$FF,$FF,$FF,$3C,$3C
000174r 1  FF FF 3C 3C  
000178r 1  38 7C 38 FE  .byte $38,$7C,$38,$FE,$D6,$10,$38,$00
00017Cr 1  D6 10 38 00  
000180r 1  18 3C FF FF  .byte $18,$3C,$FF,$FF,$7E,$7E,$7E,$7E
000184r 1  7E 7E 7E 7E  
000188r 1  10 38 FE 7C  .byte $10,$38,$FE,$7C,$38,$7C,$6C,$00
00018Cr 1  38 7C 6C 00  
000190r 1  0F 1F 7F FF  .byte $0F,$1F,$7F,$FF,$FC,$FC,$FC,$78
000194r 1  FC FC FC 78  
000198r 1  0A 14 72 F8  .byte $0A,$14,$72,$F8,$F8,$F8,$70,$00
00019Cr 1  F8 F8 70 00  
0001A0r 1  00 00 FF FF  .byte $00,$00,$FF,$FF,$F6,$F6,$F6,$F6
0001A4r 1  F6 F6 F6 F6  
0001A8r 1  00 00 EE 84  .byte $00,$00,$EE,$84,$E4,$24,$E4,$00
0001ACr 1  E4 24 E4 00  
0001B0r 1  00 00 FC FC  .byte $00,$00,$FC,$FC,$FC,$FC,$FF,$FF
0001B4r 1  FC FC FF FF  
0001B8r 1  00 00 E8 88  .byte $00,$00,$E8,$88,$E8,$28,$EE,$00
0001BCr 1  E8 28 EE 00  
0001C0r 1  18 3C 7E FF  .byte $18,$3C,$7E,$FF,$FF,$DB,$18,$18
0001C4r 1  FF DB 18 18  
0001C8r 1  10 38 7C D6  .byte $10,$38,$7C,$D6,$92,$10,$10,$00
0001CCr 1  92 10 10 00  
0001D0r 1  18 18 DB FF  .byte $18,$18,$DB,$FF,$FF,$7E,$3C,$18
0001D4r 1  FF 7E 3C 18  
0001D8r 1  10 10 92 D6  .byte $10,$10,$92,$D6,$7C,$38,$10,$00
0001DCr 1  7C 38 10 00  
0001E0r 1  1C 3C 78 FF  .byte $1C,$3C,$78,$FF,$FF,$78,$3C,$1C
0001E4r 1  FF 78 3C 1C  
0001E8r 1  18 30 60 FE  .byte $18,$30,$60,$FE,$60,$30,$18,$00
0001ECr 1  60 30 18 00  
0001F0r 1  38 3C 1E FF  .byte $38,$3C,$1E,$FF,$FF,$1E,$3C,$38
0001F4r 1  FF 1E 3C 38  
0001F8r 1  30 18 0C FE  .byte $30,$18,$0C,$FE,$0C,$18,$30,$00
0001FCr 1  0C 18 30 00  
000200r 1  00 00 00 00  .byte $00,$00,$00,$00,$00,$00,$00,$00
000204r 1  00 00 00 00  
000208r 1  00 00 00 00  .byte $00,$00,$00,$00,$00,$00,$00,$00
00020Cr 1  00 00 00 00  
000210r 1  3C 3C 3C 38  .byte $3C,$3C,$3C,$38,$38,$38,$38,$38
000214r 1  38 38 38 38  
000218r 1  38 38 30 30  .byte $38,$38,$30,$30,$30,$00,$30,$00
00021Cr 1  30 00 30 00  
000220r 1  3C 3C 3C 3C  .byte $3C,$3C,$3C,$3C,$00,$00,$00,$00
000224r 1  00 00 00 00  
000228r 1  28 28 28 00  .byte $28,$28,$28,$00,$00,$00,$00,$00
00022Cr 1  00 00 00 00  
000230r 1  00 3C 7E 7E  .byte $00,$3C,$7E,$7E,$7E,$7E,$3C,$00
000234r 1  7E 7E 3C 00  
000238r 1  00 28 7C 28  .byte $00,$28,$7C,$28,$7C,$28,$00,$00
00023Cr 1  7C 28 00 00  
000240r 1  0C 3F 3F 3E  .byte $0C,$3F,$3F,$3E,$3E,$7E,$7E,$18
000244r 1  3E 7E 7E 18  
000248r 1  08 3E 28 3C  .byte $08,$3E,$28,$3C,$14,$7C,$10,$00
00024Cr 1  14 7C 10 00  
000250r 1  00 76 7E 7C  .byte $00,$76,$7E,$7C,$3E,$7E,$6E,$00
000254r 1  3E 7E 6E 00  
000258r 1  00 64 48 10  .byte $00,$64,$48,$10,$24,$4C,$00,$00
00025Cr 1  24 4C 00 00  
000260r 1  00 38 7C 7C  .byte $00,$38,$7C,$7C,$7E,$7E,$7E,$3E
000264r 1  7E 7E 7E 3E  
000268r 1  00 30 48 30  .byte $00,$30,$48,$30,$5C,$48,$34,$00
00026Cr 1  5C 48 34 00  
000270r 1  30 30 70 60  .byte $30,$30,$70,$60,$00,$00,$00,$00
000274r 1  00 00 00 00  
000278r 1  20 20 40 00  .byte $20,$20,$40,$00,$00,$00,$00,$00
00027Cr 1  00 00 00 00  
000280r 1  0E 1E 3C 38  .byte $0E,$1E,$3C,$38,$38,$3C,$1E,$0E
000284r 1  38 3C 1E 0E  
000288r 1  0C 18 30 30  .byte $0C,$18,$30,$30,$30,$18,$0C,$00
00028Cr 1  30 18 0C 00  
000290r 1  70 78 3C 1C  .byte $70,$78,$3C,$1C,$1C,$3C,$78,$70
000294r 1  1C 3C 78 70  
000298r 1  60 30 18 18  .byte $60,$30,$18,$18,$18,$30,$60,$00
00029Cr 1  18 30 60 00  
0002A0r 1  00 00 3E 3E  .byte $00,$00,$3E,$3E,$3E,$3E,$00,$00
0002A4r 1  3E 3E 00 00  
0002A8r 1  00 00 3C 18  .byte $00,$00,$3C,$18,$3C,$00,$00,$00
0002ACr 1  3C 00 00 00  
0002B0r 1  00 18 18 7E  .byte $00,$18,$18,$7E,$7E,$18,$18,$00
0002B4r 1  7E 18 18 00  
0002B8r 1  00 10 10 7C  .byte $00,$10,$10,$7C,$10,$10,$00,$00
0002BCr 1  10 10 00 00  
0002C0r 1  00 00 00 00  .byte $00,$00,$00,$00,$38,$38,$78,$70
0002C4r 1  38 38 78 70  
0002C8r 1  00 00 00 00  .byte $00,$00,$00,$00,$30,$30,$60,$00
0002CCr 1  30 30 60 00  
0002D0r 1  00 00 00 3E  .byte $00,$00,$00,$3E,$3E,$00,$00,$00
0002D4r 1  3E 00 00 00  
0002D8r 1  00 00 00 3C  .byte $00,$00,$00,$3C,$00,$00,$00,$00
0002DCr 1  00 00 00 00  
0002E0r 1  00 00 00 00  .byte $00,$00,$00,$00,$00,$38,$38,$38
0002E4r 1  00 38 38 38  
0002E8r 1  00 00 00 00  .byte $00,$00,$00,$00,$00,$30,$30,$00
0002ECr 1  00 30 30 00  
0002F0r 1  06 0E 0E 1C  .byte $06,$0E,$0E,$1C,$1C,$38,$38,$30
0002F4r 1  1C 38 38 30  
0002F8r 1  04 0C 08 18  .byte $04,$0C,$08,$18,$10,$30,$20,$00
0002FCr 1  10 30 20 00  
000300r 1  3C 7E 7E 7E  .byte $3C,$7E,$7E,$7E,$7E,$7E,$7E,$3C
000304r 1  7E 7E 7E 3C  
000308r 1  38 6C 6C 6C  .byte $38,$6C,$6C,$6C,$6C,$6C,$38,$00
00030Cr 1  6C 6C 38 00  
000310r 1  1C 3C 3C 1C  .byte $1C,$3C,$3C,$1C,$1C,$1C,$1C,$1C
000314r 1  1C 1C 1C 1C  
000318r 1  18 38 18 18  .byte $18,$38,$18,$18,$18,$18,$18,$00
00031Cr 1  18 18 18 00  
000320r 1  3C 7E 7E 3E  .byte $3C,$7E,$7E,$3E,$7C,$7E,$7E,$7E
000324r 1  7C 7E 7E 7E  
000328r 1  38 6C 0C 38  .byte $38,$6C,$0C,$38,$60,$6C,$7C,$00
00032Cr 1  60 6C 7C 00  
000330r 1  3C 7E 7E 3E  .byte $3C,$7E,$7E,$3E,$3E,$7E,$7E,$3C
000334r 1  3E 7E 7E 3C  
000338r 1  38 6C 0C 38  .byte $38,$6C,$0C,$38,$0C,$6C,$38,$00
00033Cr 1  0C 6C 38 00  
000340r 1  7E 7E 7E 7E  .byte $7E,$7E,$7E,$7E,$7E,$0E,$0E,$0E
000344r 1  7E 0E 0E 0E  
000348r 1  6C 6C 6C 7C  .byte $6C,$6C,$6C,$7C,$0C,$0C,$0C,$00
00034Cr 1  0C 0C 0C 00  
000350r 1  7E 7E 7E 7C  .byte $7E,$7E,$7E,$7C,$7E,$7E,$7E,$3C
000354r 1  7E 7E 7E 3C  
000358r 1  7C 6C 60 78  .byte $7C,$6C,$60,$78,$0C,$6C,$38,$00
00035Cr 1  0C 6C 38 00  
000360r 1  3C 7E 7E 7C  .byte $3C,$7E,$7E,$7C,$7E,$7E,$7E,$3C
000364r 1  7E 7E 7E 3C  
000368r 1  38 6C 60 78  .byte $38,$6C,$60,$78,$6C,$6C,$38,$00
00036Cr 1  6C 6C 38 00  
000370r 1  7E 7E 7E 7E  .byte $7E,$7E,$7E,$7E,$0E,$0E,$0E,$0E
000374r 1  0E 0E 0E 0E  
000378r 1  7C 6C 6C 0C  .byte $7C,$6C,$6C,$0C,$0C,$0C,$0C,$00
00037Cr 1  0C 0C 0C 00  
000380r 1  3C 7E 7E 7E  .byte $3C,$7E,$7E,$7E,$7E,$7E,$7E,$3C
000384r 1  7E 7E 7E 3C  
000388r 1  38 6C 6C 38  .byte $38,$6C,$6C,$38,$6C,$6C,$38,$00
00038Cr 1  6C 6C 38 00  
000390r 1  3C 7E 7E 7E  .byte $3C,$7E,$7E,$7E,$3E,$7E,$7E,$3C
000394r 1  3E 7E 7E 3C  
000398r 1  38 6C 6C 3C  .byte $38,$6C,$6C,$3C,$0C,$6C,$38,$00
00039Cr 1  0C 6C 38 00  
0003A0r 1  00 38 38 38  .byte $00,$38,$38,$38,$38,$38,$38,$00
0003A4r 1  38 38 38 00  
0003A8r 1  00 30 30 00  .byte $00,$30,$30,$00,$30,$30,$00,$00
0003ACr 1  30 30 00 00  
0003B0r 1  00 38 38 38  .byte $00,$38,$38,$38,$38,$38,$78,$70
0003B4r 1  38 38 78 70  
0003B8r 1  00 30 30 00  .byte $00,$30,$30,$00,$30,$30,$60,$00
0003BCr 1  30 30 60 00  
0003C0r 1  0E 1E 3C 78  .byte $0E,$1E,$3C,$78,$78,$3C,$1E,$0E
0003C4r 1  78 3C 1E 0E  
0003C8r 1  0C 18 30 60  .byte $0C,$18,$30,$60,$30,$18,$0C,$00
0003CCr 1  30 18 0C 00  
0003D0r 1  00 00 3E 3E  .byte $00,$00,$3E,$3E,$3E,$3E,$00,$00
0003D4r 1  3E 3E 00 00  
0003D8r 1  00 00 3C 00  .byte $00,$00,$3C,$00,$3C,$00,$00,$00
0003DCr 1  3C 00 00 00  
0003E0r 1  70 78 3C 1E  .byte $70,$78,$3C,$1E,$1E,$3C,$78,$70
0003E4r 1  1E 3C 78 70  
0003E8r 1  60 30 18 0C  .byte $60,$30,$18,$0C,$18,$30,$60,$00
0003ECr 1  18 30 60 00  
0003F0r 1  3C 7E 7E 1E  .byte $3C,$7E,$7E,$1E,$3C,$38,$38,$38
0003F4r 1  3C 38 38 38  
0003F8r 1  38 6C 0C 18  .byte $38,$6C,$0C,$18,$30,$00,$30,$00
0003FCr 1  30 00 30 00  
000400r 1  3C 7E 7E 7E  .byte $3C,$7E,$7E,$7E,$7E,$7E,$7E,$3E
000404r 1  7E 7E 7E 3E  
000408r 1  38 44 5C 54  .byte $38,$44,$5C,$54,$5C,$40,$3C,$00
00040Cr 1  5C 40 3C 00  
000410r 1  3E 7F 77 7F  .byte $3E,$7F,$77,$7F,$7F,$77,$77,$77
000414r 1  7F 77 77 77  
000418r 1  3C 66 66 7E  .byte $3C,$66,$66,$7E,$66,$66,$66,$00
00041Cr 1  66 66 66 00  
000420r 1  7E 7F 77 7F  .byte $7E,$7F,$77,$7F,$7F,$77,$7F,$7E
000424r 1  7F 77 7F 7E  
000428r 1  7C 66 66 7C  .byte $7C,$66,$66,$7C,$66,$66,$7C,$00
00042Cr 1  66 66 7C 00  
000430r 1  3E 7F 77 70  .byte $3E,$7F,$77,$70,$70,$77,$7F,$3E
000434r 1  70 77 7F 3E  
000438r 1  3C 66 60 60  .byte $3C,$66,$60,$60,$60,$66,$3C,$00
00043Cr 1  60 66 3C 00  
000440r 1  7C 7E 7F 77  .byte $7C,$7E,$7F,$77,$77,$7F,$7E,$7C
000444r 1  77 7F 7E 7C  
000448r 1  78 6C 66 66  .byte $78,$6C,$66,$66,$66,$6C,$78,$00
00044Cr 1  66 6C 78 00  
000450r 1  7F 7F 70 7F  .byte $7F,$7F,$70,$7F,$7F,$70,$7F,$7F
000454r 1  7F 70 7F 7F  
000458r 1  7E 60 60 7E  .byte $7E,$60,$60,$7E,$60,$60,$7E,$00
00045Cr 1  60 60 7E 00  
000460r 1  7F 7F 70 7C  .byte $7F,$7F,$70,$7C,$7C,$70,$70,$70
000464r 1  7C 70 70 70  
000468r 1  7E 60 60 78  .byte $7E,$60,$60,$78,$60,$60,$60,$00
00046Cr 1  60 60 60 00  
000470r 1  3E 7F 77 7F  .byte $3E,$7F,$77,$7F,$7F,$77,$7F,$3E
000474r 1  7F 77 7F 3E  
000478r 1  3C 66 60 6E  .byte $3C,$66,$60,$6E,$66,$66,$3C,$00
00047Cr 1  66 66 3C 00  
000480r 1  77 77 77 7F  .byte $77,$77,$77,$7F,$7F,$77,$77,$77
000484r 1  7F 77 77 77  
000488r 1  66 66 66 7E  .byte $66,$66,$66,$7E,$66,$66,$66,$00
00048Cr 1  66 66 66 00  
000490r 1  7F 7F 1C 1C  .byte $7F,$7F,$1C,$1C,$1C,$1C,$7F,$7F
000494r 1  1C 1C 7F 7F  
000498r 1  7E 18 18 18  .byte $7E,$18,$18,$18,$18,$18,$7E,$00
00049Cr 1  18 18 7E 00  
0004A0r 1  07 07 07 07  .byte $07,$07,$07,$07,$77,$77,$7F,$3E
0004A4r 1  77 77 7F 3E  
0004A8r 1  06 06 06 06  .byte $06,$06,$06,$06,$66,$66,$3C,$00
0004ACr 1  66 66 3C 00  
0004B0r 1  77 7F 7E 7C  .byte $77,$7F,$7E,$7C,$7C,$7E,$7F,$77
0004B4r 1  7C 7E 7F 77  
0004B8r 1  66 6C 78 70  .byte $66,$6C,$78,$70,$78,$6C,$66,$00
0004BCr 1  78 6C 66 00  
0004C0r 1  70 70 70 70  .byte $70,$70,$70,$70,$70,$70,$7F,$7F
0004C4r 1  70 70 7F 7F  
0004C8r 1  60 60 60 60  .byte $60,$60,$60,$60,$60,$60,$7E,$00
0004CCr 1  60 60 7E 00  
0004D0r 1  FE FF FF FF  .byte $FE,$FF,$FF,$FF,$FF,$E7,$E7,$E7
0004D4r 1  FF E7 E7 E7  
0004D8r 1  EC FE D6 D6  .byte $EC,$FE,$D6,$D6,$C6,$C6,$C6,$00
0004DCr 1  C6 C6 C6 00  
0004E0r 1  77 7F 7F 7F  .byte $77,$7F,$7F,$7F,$7F,$7F,$77,$77
0004E4r 1  7F 7F 77 77  
0004E8r 1  66 76 7E 7E  .byte $66,$76,$7E,$7E,$6E,$66,$66,$00
0004ECr 1  6E 66 66 00  
0004F0r 1  3E 7F 77 77  .byte $3E,$7F,$77,$77,$77,$77,$7F,$3E
0004F4r 1  77 77 7F 3E  
0004F8r 1  3C 66 66 66  .byte $3C,$66,$66,$66,$66,$66,$3C,$00
0004FCr 1  66 66 3C 00  
000500r 1  7E 7F 77 7F  .byte $7E,$7F,$77,$7F,$7E,$70,$70,$70
000504r 1  7E 70 70 70  
000508r 1  7C 66 66 7C  .byte $7C,$66,$66,$7C,$60,$60,$60,$00
00050Cr 1  60 60 60 00  
000510r 1  3E 7F 77 77  .byte $3E,$7F,$77,$77,$77,$7F,$7F,$3F
000514r 1  77 7F 7F 3F  
000518r 1  3C 66 66 66  .byte $3C,$66,$66,$66,$66,$6C,$3E,$00
00051Cr 1  66 6C 3E 00  
000520r 1  7E 7F 77 7F  .byte $7E,$7F,$77,$7F,$7E,$7E,$7F,$77
000524r 1  7E 7E 7F 77  
000528r 1  7C 66 66 7C  .byte $7C,$66,$66,$7C,$78,$6C,$66,$00
00052Cr 1  78 6C 66 00  
000530r 1  3E 7F 77 7E  .byte $3E,$7F,$77,$7E,$3F,$77,$7F,$3E
000534r 1  3F 77 7F 3E  
000538r 1  3C 66 60 3C  .byte $3C,$66,$60,$3C,$06,$66,$3C,$00
00053Cr 1  06 66 3C 00  
000540r 1  7F 7F 1C 1C  .byte $7F,$7F,$1C,$1C,$1C,$1C,$1C,$1C
000544r 1  1C 1C 1C 1C  
000548r 1  7E 18 18 18  .byte $7E,$18,$18,$18,$18,$18,$18,$00
00054Cr 1  18 18 18 00  
000550r 1  77 77 77 77  .byte $77,$77,$77,$77,$77,$77,$7F,$3E
000554r 1  77 77 7F 3E  
000558r 1  66 66 66 66  .byte $66,$66,$66,$66,$66,$66,$3C,$00
00055Cr 1  66 66 3C 00  
000560r 1  77 77 77 77  .byte $77,$77,$77,$77,$7F,$3E,$3E,$1C
000564r 1  7F 3E 3E 1C  
000568r 1  66 66 66 66  .byte $66,$66,$66,$66,$3C,$3C,$18,$00
00056Cr 1  3C 3C 18 00  
000570r 1  E7 E7 FF FF  .byte $E7,$E7,$FF,$FF,$FF,$FF,$FF,$7E
000574r 1  FF FF FF 7E  
000578r 1  C6 C6 D6 D6  .byte $C6,$C6,$D6,$D6,$D6,$FE,$6C,$00
00057Cr 1  D6 FE 6C 00  
000580r 1  77 77 7F 3E  .byte $77,$77,$7F,$3E,$3E,$7F,$77,$77
000584r 1  3E 7F 77 77  
000588r 1  66 66 3C 18  .byte $66,$66,$3C,$18,$3C,$66,$66,$00
00058Cr 1  3C 66 66 00  
000590r 1  77 77 77 7F  .byte $77,$77,$77,$7F,$3E,$1C,$1C,$1C
000594r 1  3E 1C 1C 1C  
000598r 1  66 66 66 3C  .byte $66,$66,$66,$3C,$18,$18,$18,$00
00059Cr 1  18 18 18 00  
0005A0r 1  7F 7F 0F 1E  .byte $7F,$7F,$0F,$1E,$3C,$78,$7F,$7F
0005A4r 1  3C 78 7F 7F  
0005A8r 1  7E 06 0C 18  .byte $7E,$06,$0C,$18,$30,$60,$7E,$00
0005ACr 1  30 60 7E 00  
0005B0r 1  1F 1F 1C 1C  .byte $1F,$1F,$1C,$1C,$1C,$1C,$1F,$1F
0005B4r 1  1C 1C 1F 1F  
0005B8r 1  1E 18 18 18  .byte $1E,$18,$18,$18,$18,$18,$1E,$00
0005BCr 1  18 18 1E 00  
0005C0r 1  30 38 38 1C  .byte $30,$38,$38,$1C,$1C,$0E,$0E,$06
0005C4r 1  1C 0E 0E 06  
0005C8r 1  20 30 10 18  .byte $20,$30,$10,$18,$08,$0C,$04,$00
0005CCr 1  08 0C 04 00  
0005D0r 1  F8 F8 38 38  .byte $F8,$F8,$38,$38,$38,$38,$F8,$F8
0005D4r 1  38 38 F8 F8  
0005D8r 1  F0 30 30 30  .byte $F0,$30,$30,$30,$30,$30,$F0,$00
0005DCr 1  30 30 F0 00  
0005E0r 1  18 3C 7E 7E  .byte $18,$3C,$7E,$7E,$00,$00,$00,$00
0005E4r 1  00 00 00 00  
0005E8r 1  10 38 6C 00  .byte $10,$38,$6C,$00,$00,$00,$00,$00
0005ECr 1  00 00 00 00  
0005F0r 1  00 00 00 00  .byte $00,$00,$00,$00,$00,$00,$7F,$7F
0005F4r 1  00 00 7F 7F  
0005F8r 1  00 00 00 00  .byte $00,$00,$00,$00,$00,$00,$7E,$00
0005FCr 1  00 00 7E 00  
000600r 1  30 30 38 18  .byte $30,$30,$38,$18,$00,$00,$00,$00
000604r 1  00 00 00 00  
000608r 1  20 20 10 00  .byte $20,$20,$10,$00,$00,$00,$00,$00
00060Cr 1  00 00 00 00  
000610r 1  00 00 3C 3E  .byte $00,$00,$3C,$3E,$3E,$7E,$7E,$3E
000614r 1  3E 7E 7E 3E  
000618r 1  00 00 38 0C  .byte $00,$00,$38,$0C,$3C,$4C,$34,$00
00061Cr 1  3C 4C 34 00  
000620r 1  70 70 7C 7E  .byte $70,$70,$7C,$7E,$7E,$7E,$7E,$7C
000624r 1  7E 7E 7E 7C  
000628r 1  60 60 78 6C  .byte $60,$60,$78,$6C,$6C,$6C,$78,$00
00062Cr 1  6C 6C 78 00  
000630r 1  00 00 3C 7E  .byte $00,$00,$3C,$7E,$7E,$7E,$7E,$3C
000634r 1  7E 7E 7E 3C  
000638r 1  00 00 38 6C  .byte $00,$00,$38,$6C,$60,$6C,$38,$00
00063Cr 1  60 6C 38 00  
000640r 1  0E 0E 3E 7E  .byte $0E,$0E,$3E,$7E,$7E,$7E,$7E,$3E
000644r 1  7E 7E 7E 3E  
000648r 1  0C 0C 3C 6C  .byte $0C,$0C,$3C,$6C,$6C,$6C,$3C,$00
00064Cr 1  6C 6C 3C 00  
000650r 1  00 00 3C 7E  .byte $00,$00,$3C,$7E,$7E,$7E,$7E,$3E
000654r 1  7E 7E 7E 3E  
000658r 1  00 00 38 64  .byte $00,$00,$38,$64,$7C,$60,$3C,$00
00065Cr 1  7C 60 3C 00  
000660r 1  00 3C 7E 7E  .byte $00,$3C,$7E,$7E,$7C,$7C,$70,$70
000664r 1  7C 7C 70 70  
000668r 1  00 38 6C 60  .byte $00,$38,$6C,$60,$78,$60,$60,$00
00066Cr 1  78 60 60 00  
000670r 1  00 00 3E 7E  .byte $00,$00,$3E,$7E,$7E,$3E,$7E,$7C
000674r 1  7E 3E 7E 7C  
000678r 1  00 00 3C 6C  .byte $00,$00,$3C,$6C,$3C,$0C,$78,$00
00067Cr 1  3C 0C 78 00  
000680r 1  70 70 7C 7E  .byte $70,$70,$7C,$7E,$7E,$7E,$7E,$7E
000684r 1  7E 7E 7E 7E  
000688r 1  60 60 78 6C  .byte $60,$60,$78,$6C,$6C,$6C,$6C,$00
00068Cr 1  6C 6C 6C 00  
000690r 1  00 1C 1C 1C  .byte $00,$1C,$1C,$1C,$1C,$1C,$1C,$1C
000694r 1  1C 1C 1C 1C  
000698r 1  00 18 00 18  .byte $00,$18,$00,$18,$18,$18,$18,$00
00069Cr 1  18 18 18 00  
0006A0r 1  00 0E 0E 0E  .byte $00,$0E,$0E,$0E,$0E,$7E,$7E,$3C
0006A4r 1  0E 7E 7E 3C  
0006A8r 1  00 0C 00 0C  .byte $00,$0C,$00,$0C,$0C,$6C,$38,$00
0006ACr 1  0C 6C 38 00  
0006B0r 1  70 70 7E 7E  .byte $70,$70,$7E,$7E,$7C,$7C,$7E,$7E
0006B4r 1  7C 7C 7E 7E  
0006B8r 1  60 60 6C 78  .byte $60,$60,$6C,$78,$70,$78,$6C,$00
0006BCr 1  70 78 6C 00  
0006C0r 1  3C 3C 1C 1C  .byte $3C,$3C,$1C,$1C,$1C,$1C,$1C,$1C
0006C4r 1  1C 1C 1C 1C  
0006C8r 1  38 18 18 18  .byte $38,$18,$18,$18,$18,$18,$18,$00
0006CCr 1  18 18 18 00  
0006D0r 1  00 00 7E 7F  .byte $00,$00,$7E,$7F,$7F,$7F,$77,$77
0006D4r 1  7F 7F 77 77  
0006D8r 1  00 00 6C 7E  .byte $00,$00,$6C,$7E,$56,$66,$66,$00
0006DCr 1  56 66 66 00  
0006E0r 1  00 00 7C 7E  .byte $00,$00,$7C,$7E,$7E,$7E,$7E,$7E
0006E4r 1  7E 7E 7E 7E  
0006E8r 1  00 00 78 6C  .byte $00,$00,$78,$6C,$6C,$6C,$6C,$00
0006ECr 1  6C 6C 6C 00  
0006F0r 1  00 00 3C 7E  .byte $00,$00,$3C,$7E,$7E,$7E,$7E,$3C
0006F4r 1  7E 7E 7E 3C  
0006F8r 1  00 00 38 6C  .byte $00,$00,$38,$6C,$6C,$6C,$38,$00
0006FCr 1  6C 6C 38 00  
000700r 1  00 00 7C 7E  .byte $00,$00,$7C,$7E,$7E,$7C,$70,$70
000704r 1  7E 7C 70 70  
000708r 1  00 00 78 6C  .byte $00,$00,$78,$6C,$78,$60,$60,$00
00070Cr 1  78 60 60 00  
000710r 1  00 00 3E 7E  .byte $00,$00,$3E,$7E,$7E,$3E,$0E,$0E
000714r 1  7E 3E 0E 0E  
000718r 1  00 00 3C 6C  .byte $00,$00,$3C,$6C,$3C,$0C,$0C,$00
00071Cr 1  3C 0C 0C 00  
000720r 1  00 00 7C 7E  .byte $00,$00,$7C,$7E,$7E,$70,$70,$70
000724r 1  7E 70 70 70  
000728r 1  00 00 78 6C  .byte $00,$00,$78,$6C,$60,$60,$60,$00
00072Cr 1  60 60 60 00  
000730r 1  00 00 3E 7E  .byte $00,$00,$3E,$7E,$7C,$3E,$7E,$7C
000734r 1  7C 3E 7E 7C  
000738r 1  00 00 3C 60  .byte $00,$00,$3C,$60,$38,$0C,$78,$00
00073Cr 1  38 0C 78 00  
000740r 1  00 1C 3E 3E  .byte $00,$1C,$3E,$3E,$1C,$1C,$1E,$0E
000744r 1  1C 1C 1E 0E  
000748r 1  00 18 3C 18  .byte $00,$18,$3C,$18,$18,$18,$0C,$00
00074Cr 1  18 18 0C 00  
000750r 1  00 00 7E 7E  .byte $00,$00,$7E,$7E,$7E,$7E,$7E,$3E
000754r 1  7E 7E 7E 3E  
000758r 1  00 00 6C 6C  .byte $00,$00,$6C,$6C,$6C,$6C,$34,$00
00075Cr 1  6C 6C 34 00  
000760r 1  00 00 7E 7E  .byte $00,$00,$7E,$7E,$7E,$7E,$3E,$1C
000764r 1  7E 7E 3E 1C  
000768r 1  00 00 6C 6C  .byte $00,$00,$6C,$6C,$6C,$3C,$18,$00
00076Cr 1  6C 3C 18 00  
000770r 1  00 00 E7 E7  .byte $00,$00,$E7,$E7,$FF,$FF,$7E,$7E
000774r 1  FF FF 7E 7E  
000778r 1  00 00 C6 C6  .byte $00,$00,$C6,$C6,$D6,$7C,$6C,$00
00077Cr 1  D6 7C 6C 00  
000780r 1  00 00 7E 7E  .byte $00,$00,$7E,$7E,$3C,$3C,$7E,$7E
000784r 1  3C 3C 7E 7E  
000788r 1  00 00 6C 38  .byte $00,$00,$6C,$38,$10,$38,$6C,$00
00078Cr 1  10 38 6C 00  
000790r 1  00 00 7E 7E  .byte $00,$00,$7E,$7E,$7E,$3E,$7C,$78
000794r 1  7E 3E 7C 78  
000798r 1  00 00 6C 6C  .byte $00,$00,$6C,$6C,$3C,$18,$70,$00
00079Cr 1  3C 18 70 00  
0007A0r 1  00 00 7E 7E  .byte $00,$00,$7E,$7E,$3C,$78,$7E,$7E
0007A4r 1  3C 78 7E 7E  
0007A8r 1  00 00 7C 18  .byte $00,$00,$7C,$18,$30,$60,$7C,$00
0007ACr 1  30 60 7C 00  
0007B0r 1  0E 1E 1C 3C  .byte $0E,$1E,$1C,$3C,$3C,$1C,$1E,$0E
0007B4r 1  3C 1C 1E 0E  
0007B8r 1  0C 18 18 30  .byte $0C,$18,$18,$30,$18,$18,$0C,$00
0007BCr 1  18 18 0C 00  
0007C0r 1  18 18 18 18  .byte $18,$18,$18,$18,$18,$18,$18,$18
0007C4r 1  18 18 18 18  
0007C8r 1  10 10 10 10  .byte $10,$10,$10,$10,$10,$10,$10,$00
0007CCr 1  10 10 10 00  
0007D0r 1  70 78 38 3C  .byte $70,$78,$38,$3C,$3C,$38,$78,$70
0007D4r 1  3C 38 78 70  
0007D8r 1  60 30 30 18  .byte $60,$30,$30,$18,$30,$30,$60,$00
0007DCr 1  30 30 60 00  
0007E0r 1  00 00 7F FF  .byte $00,$00,$7F,$FF,$FE,$00,$00,$00
0007E4r 1  FE 00 00 00  
0007E8r 1  00 00 76 DC  .byte $00,$00,$76,$DC,$00,$00,$00,$00
0007ECr 1  00 00 00 00  
0007F0r 1  7F 7F 7F 7F  .byte $7F,$7F,$7F,$7F,$7F,$7F,$7F,$7F
0007F4r 1  7F 7F 7F 7F  
0007F8r 1  7E 7E 7E 7E  .byte $7E,$7E,$7E,$7E,$7E,$7E,$7E,$00
0007FCr 1  7E 7E 7E 00  
000800r 1  00 00 00 00  .byte $00,$00,$00,$00,$00,$00,$00,$00
000804r 1  00 00 00 00  
000808r 1  00 00 00 00  .byte $00,$00,$00,$00,$00,$00,$00,$00
00080Cr 1  00 00 00 00  
000810r 1  00 00 00 00  .byte $00,$00,$00,$00,$00,$00,$00,$00
000814r 1  00 00 00 00  
000818r 1  F0 F0 F0 F0  .byte $F0,$F0,$F0,$F0,$00,$00,$00,$00
00081Cr 1  00 00 00 00  
000820r 1  00 00 00 00  .byte $00,$00,$00,$00,$00,$00,$00,$00
000824r 1  00 00 00 00  
000828r 1  0F 0F 0F 0F  .byte $0F,$0F,$0F,$0F,$00,$00,$00,$00
00082Cr 1  00 00 00 00  
000830r 1  00 00 00 00  .byte $00,$00,$00,$00,$00,$00,$00,$00
000834r 1  00 00 00 00  
000838r 1  FF FF FF FF  .byte $FF,$FF,$FF,$FF,$00,$00,$00,$00
00083Cr 1  00 00 00 00  
000840r 1  00 00 00 00  .byte $00,$00,$00,$00,$00,$00,$00,$00
000844r 1  00 00 00 00  
000848r 1  00 00 00 00  .byte $00,$00,$00,$00,$F0,$F0,$F0,$F0
00084Cr 1  F0 F0 F0 F0  
000850r 1  00 00 00 00  .byte $00,$00,$00,$00,$00,$00,$00,$00
000854r 1  00 00 00 00  
000858r 1  F0 F0 F0 F0  .byte $F0,$F0,$F0,$F0,$F0,$F0,$F0,$F0
00085Cr 1  F0 F0 F0 F0  
000860r 1  00 00 00 00  .byte $00,$00,$00,$00,$00,$00,$00,$00
000864r 1  00 00 00 00  
000868r 1  0F 0F 0F 0F  .byte $0F,$0F,$0F,$0F,$F0,$F0,$F0,$F0
00086Cr 1  F0 F0 F0 F0  
000870r 1  00 00 00 00  .byte $00,$00,$00,$00,$00,$00,$00,$00
000874r 1  00 00 00 00  
000878r 1  FF FF FF FF  .byte $FF,$FF,$FF,$FF,$F0,$F0,$F0,$F0
00087Cr 1  F0 F0 F0 F0  
000880r 1  00 00 00 00  .byte $00,$00,$00,$00,$00,$00,$00,$00
000884r 1  00 00 00 00  
000888r 1  00 00 00 00  .byte $00,$00,$00,$00,$0F,$0F,$0F,$0F
00088Cr 1  0F 0F 0F 0F  
000890r 1  00 00 00 00  .byte $00,$00,$00,$00,$00,$00,$00,$00
000894r 1  00 00 00 00  
000898r 1  F0 F0 F0 F0  .byte $F0,$F0,$F0,$F0,$0F,$0F,$0F,$0F
00089Cr 1  0F 0F 0F 0F  
0008A0r 1  00 00 00 00  .byte $00,$00,$00,$00,$00,$00,$00,$00
0008A4r 1  00 00 00 00  
0008A8r 1  0F 0F 0F 0F  .byte $0F,$0F,$0F,$0F,$0F,$0F,$0F,$0F
0008ACr 1  0F 0F 0F 0F  
0008B0r 1  00 00 00 00  .byte $00,$00,$00,$00,$00,$00,$00,$00
0008B4r 1  00 00 00 00  
0008B8r 1  FF FF FF FF  .byte $FF,$FF,$FF,$FF,$0F,$0F,$0F,$0F
0008BCr 1  0F 0F 0F 0F  
0008C0r 1  00 00 00 00  .byte $00,$00,$00,$00,$00,$00,$00,$00
0008C4r 1  00 00 00 00  
0008C8r 1  00 00 00 00  .byte $00,$00,$00,$00,$FF,$FF,$FF,$FF
0008CCr 1  FF FF FF FF  
0008D0r 1  00 00 00 00  .byte $00,$00,$00,$00,$00,$00,$00,$00
0008D4r 1  00 00 00 00  
0008D8r 1  F0 F0 F0 F0  .byte $F0,$F0,$F0,$F0,$FF,$FF,$FF,$FF
0008DCr 1  FF FF FF FF  
0008E0r 1  00 00 00 00  .byte $00,$00,$00,$00,$00,$00,$00,$00
0008E4r 1  00 00 00 00  
0008E8r 1  0F 0F 0F 0F  .byte $0F,$0F,$0F,$0F,$FF,$FF,$FF,$FF
0008ECr 1  FF FF FF FF  
0008F0r 1  00 00 00 00  .byte $00,$00,$00,$00,$00,$00,$00,$00
0008F4r 1  00 00 00 00  
0008F8r 1  FF FF FF FF  .byte $FF,$FF,$FF,$FF,$FF,$FF,$FF,$FF
0008FCr 1  FF FF FF FF  
000900r 1  00 00 00 00  .byte $00,$00,$00,$00,$00,$00,$00,$00
000904r 1  00 00 00 00  
000908r 1  00 00 00 00  .byte $00,$00,$00,$00,$00,$00,$00,$00
00090Cr 1  00 00 00 00  
000910r 1  7F 80 80 80  .byte $7F,$80,$80,$80,$80,$80,$80,$80
000914r 1  80 80 80 80  
000918r 1  FF 00 00 00  .byte $FF,$00,$00,$00,$00,$00,$00,$00
00091Cr 1  00 00 00 00  
000920r 1  3F 3F C0 C0  .byte $3F,$3F,$C0,$C0,$C0,$C0,$C0,$C0
000924r 1  C0 C0 C0 C0  
000928r 1  FF FF 00 00  .byte $FF,$FF,$00,$00,$00,$00,$00,$00
00092Cr 1  00 00 00 00  
000930r 1  1F 1F 1F E0  .byte $1F,$1F,$1F,$E0,$E0,$E0,$E0,$E0
000934r 1  E0 E0 E0 E0  
000938r 1  FF FF FF 00  .byte $FF,$FF,$FF,$00,$00,$00,$00,$00
00093Cr 1  00 00 00 00  
000940r 1  0F 0F 0F 0F  .byte $0F,$0F,$0F,$0F,$F0,$F0,$F0,$F0
000944r 1  F0 F0 F0 F0  
000948r 1  FF FF FF FF  .byte $FF,$FF,$FF,$FF,$00,$00,$00,$00
00094Cr 1  00 00 00 00  
000950r 1  07 07 07 07  .byte $07,$07,$07,$07,$07,$F8,$F8,$F8
000954r 1  07 F8 F8 F8  
000958r 1  FF FF FF FF  .byte $FF,$FF,$FF,$FF,$FF,$00,$00,$00
00095Cr 1  FF 00 00 00  
000960r 1  03 03 03 03  .byte $03,$03,$03,$03,$03,$03,$FC,$FC
000964r 1  03 03 FC FC  
000968r 1  FF FF FF FF  .byte $FF,$FF,$FF,$FF,$FF,$FF,$00,$00
00096Cr 1  FF FF 00 00  
000970r 1  01 01 01 01  .byte $01,$01,$01,$01,$01,$01,$01,$FE
000974r 1  01 01 01 FE  
000978r 1  FF FF FF FF  .byte $FF,$FF,$FF,$FF,$FF,$FF,$FF,$00
00097Cr 1  FF FF FF 00  
000980r 1  00 00 00 00  .byte $00,$00,$00,$00,$00,$00,$00,$00
000984r 1  00 00 00 00  
000988r 1  FF FF FF FF  .byte $FF,$FF,$FF,$FF,$FF,$FF,$FF,$FF
00098Cr 1  FF FF FF FF  
000990r 1  7F 80 80 80  .byte $7F,$80,$80,$80,$80,$80,$80,$80
000994r 1  80 80 80 80  
000998r 1  00 FF FF FF  .byte $00,$FF,$FF,$FF,$FF,$FF,$FF,$FF
00099Cr 1  FF FF FF FF  
0009A0r 1  3F 3F C0 C0  .byte $3F,$3F,$C0,$C0,$C0,$C0,$C0,$C0
0009A4r 1  C0 C0 C0 C0  
0009A8r 1  00 00 FF FF  .byte $00,$00,$FF,$FF,$FF,$FF,$FF,$FF
0009ACr 1  FF FF FF FF  
0009B0r 1  1F 1F 1F E0  .byte $1F,$1F,$1F,$E0,$E0,$E0,$E0,$E0
0009B4r 1  E0 E0 E0 E0  
0009B8r 1  00 00 00 FF  .byte $00,$00,$00,$FF,$FF,$FF,$FF,$FF
0009BCr 1  FF FF FF FF  
0009C0r 1  0F 0F 0F 0F  .byte $0F,$0F,$0F,$0F,$F0,$F0,$F0,$F0
0009C4r 1  F0 F0 F0 F0  
0009C8r 1  00 00 00 00  .byte $00,$00,$00,$00,$FF,$FF,$FF,$FF
0009CCr 1  FF FF FF FF  
0009D0r 1  07 07 07 07  .byte $07,$07,$07,$07,$07,$F8,$F8,$F8
0009D4r 1  07 F8 F8 F8  
0009D8r 1  00 00 00 00  .byte $00,$00,$00,$00,$00,$FF,$FF,$FF
0009DCr 1  00 FF FF FF  
0009E0r 1  03 03 03 03  .byte $03,$03,$03,$03,$03,$03,$FC,$FC
0009E4r 1  03 03 FC FC  
0009E8r 1  00 00 00 00  .byte $00,$00,$00,$00,$00,$00,$FF,$FF
0009ECr 1  00 00 FF FF  
0009F0r 1  01 01 01 01  .byte $01,$01,$01,$01,$01,$01,$01,$FE
0009F4r 1  01 01 01 FE  
0009F8r 1  00 00 00 00  .byte $00,$00,$00,$00,$00,$00,$00,$FF
0009FCr 1  00 00 00 FF  
000A00r 1  00 00 00 00  .byte $00,$00,$00,$00,$00,$00,$00,$00
000A04r 1  00 00 00 00  
000A08r 1  FF 00 00 00  .byte $FF,$00,$00,$00,$00,$00,$00,$00
000A0Cr 1  00 00 00 00  
000A10r 1  00 00 00 00  .byte $00,$00,$00,$00,$00,$00,$00,$00
000A14r 1  00 00 00 00  
000A18r 1  00 00 00 00  .byte $00,$00,$00,$00,$00,$00,$00,$FF
000A1Cr 1  00 00 00 FF  
000A20r 1  00 00 00 00  .byte $00,$00,$00,$00,$00,$00,$00,$00
000A24r 1  00 00 00 00  
000A28r 1  80 80 80 80  .byte $80,$80,$80,$80,$80,$80,$80,$80
000A2Cr 1  80 80 80 80  
000A30r 1  00 00 00 00  .byte $00,$00,$00,$00,$00,$00,$00,$00
000A34r 1  00 00 00 00  
000A38r 1  01 01 01 01  .byte $01,$01,$01,$01,$01,$01,$01,$01
000A3Cr 1  01 01 01 01  
000A40r 1  00 00 00 00  .byte $00,$00,$00,$00,$00,$00,$00,$00
000A44r 1  00 00 00 00  
000A48r 1  00 00 00 00  .byte $00,$00,$00,$00,$03,$0C,$30,$C0
000A4Cr 1  03 0C 30 C0  
000A50r 1  00 00 00 00  .byte $00,$00,$00,$00,$00,$00,$00,$00
000A54r 1  00 00 00 00  
000A58r 1  03 0C 30 C0  .byte $03,$0C,$30,$C0,$00,$00,$00,$00
000A5Cr 1  00 00 00 00  
000A60r 1  00 00 00 00  .byte $00,$00,$00,$00,$00,$00,$00,$00
000A64r 1  00 00 00 00  
000A68r 1  C0 30 0C 03  .byte $C0,$30,$0C,$03,$00,$00,$00,$00
000A6Cr 1  00 00 00 00  
000A70r 1  00 00 00 00  .byte $00,$00,$00,$00,$00,$00,$00,$00
000A74r 1  00 00 00 00  
000A78r 1  00 00 00 00  .byte $00,$00,$00,$00,$C0,$30,$0C,$03
000A7Cr 1  C0 30 0C 03  
000A80r 1  00 00 00 00  .byte $00,$00,$00,$00,$00,$00,$00,$00
000A84r 1  00 00 00 00  
000A88r 1  10 10 20 20  .byte $10,$10,$20,$20,$40,$40,$80,$80
000A8Cr 1  40 40 80 80  
000A90r 1  00 00 00 00  .byte $00,$00,$00,$00,$00,$00,$00,$00
000A94r 1  00 00 00 00  
000A98r 1  01 01 02 02  .byte $01,$01,$02,$02,$04,$04,$08,$08
000A9Cr 1  04 04 08 08  
000AA0r 1  00 00 00 00  .byte $00,$00,$00,$00,$00,$00,$00,$00
000AA4r 1  00 00 00 00  
000AA8r 1  80 80 40 40  .byte $80,$80,$40,$40,$20,$20,$10,$10
000AACr 1  20 20 10 10  
000AB0r 1  00 00 00 00  .byte $00,$00,$00,$00,$00,$00,$00,$00
000AB4r 1  00 00 00 00  
000AB8r 1  08 08 04 04  .byte $08,$08,$04,$04,$02,$02,$01,$01
000ABCr 1  02 02 01 01  
000AC0r 1  00 00 00 00  .byte $00,$00,$00,$00,$00,$00,$00,$00
000AC4r 1  00 00 00 00  
000AC8r 1  01 02 04 08  .byte $01,$02,$04,$08,$10,$20,$40,$80
000ACCr 1  10 20 40 80  
000AD0r 1  00 00 00 00  .byte $00,$00,$00,$00,$00,$00,$00,$00
000AD4r 1  00 00 00 00  
000AD8r 1  80 40 20 10  .byte $80,$40,$20,$10,$08,$04,$02,$01
000ADCr 1  08 04 02 01  
000AE0r 1  00 00 00 00  .byte $00,$00,$00,$00,$00,$00,$00,$00
000AE4r 1  00 00 00 00  
000AE8r 1  81 42 24 18  .byte $81,$42,$24,$18,$18,$24,$42,$81
000AECr 1  18 24 42 81  
000AF0r 1  00 00 00 00  .byte $00,$00,$00,$00,$00,$00,$00,$00
000AF4r 1  00 00 00 00  
000AF8r 1  3C 42 81 81  .byte $3C,$42,$81,$81,$81,$81,$42,$3C
000AFCr 1  81 81 42 3C  
000B00r 1  0C 00 10 00  .byte $0C,$00,$10,$00,$00,$00,$04,$00
000B04r 1  00 00 04 00  
000B08r 1  0C 00 10 3E  .byte $0C,$00,$10,$3E,$2E,$2E,$2A,$2E
000B0Cr 1  2E 2E 2A 2E  
000B10r 1  00 3C BC 5A  .byte $00,$3C,$BC,$5A,$00,$20,$24,$7E
000B14r 1  00 20 24 7E  
000B18r 1  18 00 80 42  .byte $18,$00,$80,$42,$18,$04,$00,$12
000B1Cr 1  18 04 00 12  
000B20r 1  00 FF 00 FF  .byte $00,$FF,$00,$FF,$00,$FF,$00,$FF
000B24r 1  00 FF 00 FF  
000B28r 1  55 AA 55 AA  .byte $55,$AA,$55,$AA,$55,$AA,$55,$AA
000B2Cr 1  55 AA 55 AA  
000B30r 1  24 00 5A 00  .byte $24,$00,$5A,$00,$24,$00,$18,$00
000B34r 1  24 00 18 00  
000B38r 1  24 00 5A 00  .byte $24,$00,$5A,$00,$24,$00,$18,$3C
000B3Cr 1  24 00 18 3C  
000B40r 1  4D 41 00 2E  .byte $4D,$41,$00,$2E,$24,$24,$6A,$6E
000B44r 1  24 24 6A 6E  
000B48r 1  0C 00 10 3E  .byte $0C,$00,$10,$3E,$2E,$2E,$2A,$2E
000B4Cr 1  2E 2E 2A 2E  
000B50r 1  FF FF FF FF  .byte $FF,$FF,$FF,$FF,$FF,$FF,$FF,$FF
000B54r 1  FF FF FF FF  
000B58r 1  E7 C3 C3 E7  .byte $E7,$C3,$C3,$E7,$E7,$DB,$DB,$93
000B5Cr 1  E7 DB DB 93  
000B60r 1  24 24 C3 08  .byte $24,$24,$C3,$08,$18,$C3,$24,$24
000B64r 1  18 C3 24 24  
000B68r 1  18 66 42 91  .byte $18,$66,$42,$91,$89,$42,$66,$18
000B6Cr 1  89 42 66 18  
000B70r 1  18 24 00 24  .byte $18,$24,$00,$24,$00,$18,$00,$00
000B74r 1  00 18 00 00  
000B78r 1  24 00 5A 00  .byte $24,$00,$5A,$00,$24,$00,$18,$3C
000B7Cr 1  24 00 18 3C  
000B80r 1  5A 36 00 00  .byte $5A,$36,$00,$00,$6C,$3B,$76,$00
000B84r 1  6C 3B 76 00  
000B88r 1  24 7E 54 45  .byte $24,$7E,$54,$45,$48,$7E,$3E,$00
000B8Cr 1  48 7E 3E 00  
000B90r 1  00 08 14 2A  .byte $00,$08,$14,$2A,$55,$2A,$14,$08
000B94r 1  55 2A 14 08  
000B98r 1  80 49 36 3E  .byte $80,$49,$36,$3E,$5D,$3E,$36,$49
000B9Cr 1  5D 3E 36 49  
000BA0r 1  0F 1F 3F 3D  .byte $0F,$1F,$3F,$3D,$38,$38,$3C,$16
000BA4r 1  38 38 3C 16  
000BA8r 1  0F 1F 3F 3F  .byte $0F,$1F,$3F,$3F,$3F,$3F,$3F,$17
000BACr 1  3F 3F 3F 17  
000BB0r 1  F0 F8 BC 14  .byte $F0,$F8,$BC,$14,$A0,$A0,$08,$1C
000BB4r 1  A0 A0 08 1C  
000BB8r 1  F0 F8 FC FC  .byte $F0,$F8,$FC,$FC,$58,$58,$F8,$FC
000BBCr 1  58 58 F8 FC  
000BC0r 1  F2 F1 E1 0F  .byte $F2,$F1,$E1,$0F,$1F,$3B,$11,$00
000BC4r 1  1F 3B 11 00  
000BC8r 1  0D 0E 0E 00  .byte $0D,$0E,$0E,$00,$00,$04,$0E,$0F
000BCCr 1  00 04 0E 0F  
000BD0r 1  00 E0 F0 F0  .byte $00,$E0,$F0,$F0,$F8,$DC,$88,$00
000BD4r 1  F8 DC 88 00  
000BD8r 1  C0 00 00 00  .byte $C0,$00,$00,$00,$00,$20,$70,$78
000BDCr 1  00 20 70 78  
000BE0r 1  F2 F1 E1 1F  .byte $F2,$F1,$E1,$1F,$3F,$13,$03,$00
000BE4r 1  3F 13 03 00  
000BE8r 1  0D 0E 0E 00  .byte $0D,$0E,$0E,$00,$00,$2C,$3C,$20
000BECr 1  00 2C 3C 20  
000BF0r 1  00 E0 F0 F8  .byte $00,$E0,$F0,$F8,$E0,$C0,$00,$00
000BF4r 1  E0 C0 00 00  
000BF8r 1  C0 00 00 04  .byte $C0,$00,$00,$04,$1C,$3C,$1C,$00
000BFCr 1  1C 3C 1C 00  
000C00r 1  FF 2F 7F FF  .byte $FF,$2F,$7F,$FF,$FF,$F2,$F7,$FF
000C04r 1  FF F2 F7 FF  
000C08r 1  00 FE FC D0  .byte $00,$FE,$FC,$D0,$00,$EF,$CF,$0D
000C0Cr 1  00 EF CF 0D  
000C10r 1  FF F9 F9 FF  .byte $FF,$F9,$F9,$FF,$FF,$9F,$9F,$FF
000C14r 1  FF 9F 9F FF  
000C18r 1  0F 6F 6F 0F  .byte $0F,$6F,$6F,$0F,$F0,$F6,$F6,$F0
000C1Cr 1  F0 F6 F6 F0  
000C20r 1  FF FF DF FF  .byte $FF,$FF,$DF,$FF,$FF,$FF,$FF,$FF
000C24r 1  FF FF FF FF  
000C28r 1  00 7E 7C 7E  .byte $00,$7E,$7C,$7E,$74,$7C,$50,$00
000C2Cr 1  74 7C 50 00  
000C30r 1  05 67 4F 1F  .byte $05,$67,$4F,$1F,$9D,$3D,$A9,$FF
000C34r 1  9D 3D A9 FF  
000C38r 1  FF FE FF FE  .byte $FF,$FE,$FF,$FE,$FE,$FF,$FE,$A4
000C3Cr 1  FE FF FE A4  
000C40r 1               ;/* use block comment to map a subset of data to sprite bitmaps */
000C40r 1               ;/*{w:16,h:16,bpp:1,count:15,brev:1,np:2,pofs:8,remap:[5,0,1,2,4,6,7,8,9,10,11,12]}*/
000C40r 1  00 0F 3F 3F  .byte $00,$0F,$3F,$3F,$7F,$00,$7F,$7F
000C44r 1  7F 00 7F 7F  
000C48r 1  0F 30 4D 6D  .byte $0F,$30,$4D,$6D,$AD,$FF,$80,$AD
000C4Cr 1  AD FF 80 AD  
000C50r 1  7F 7F 7F 00  .byte $7F,$7F,$7F,$00,$7F,$7F,$7F,$00
000C54r 1  7F 7F 7F 00  
000C58r 1  AD AD AD FF  .byte $AD,$AD,$AD,$FF,$80,$AD,$AD,$FF
000C5Cr 1  80 AD AD FF  
000C60r 1  00 F0 FC FC  .byte $00,$F0,$FC,$FC,$FE,$00,$FE,$FE
000C64r 1  FE 00 FE FE  
000C68r 1  F0 0C B2 B6  .byte $F0,$0C,$B2,$B6,$B7,$FF,$01,$B7
000C6Cr 1  B7 FF 01 B7  
000C70r 1  EA E2 FE 00  .byte $EA,$E2,$FE,$00,$FE,$FE,$FE,$00
000C74r 1  FE FE FE 00  
000C78r 1  B5 BD A1 FF  .byte $B5,$BD,$A1,$FF,$01,$B7,$B7,$FF
000C7Cr 1  01 B7 B7 FF  
000C80r 1  00 22 4C 1F  .byte $00,$22,$4C,$1F,$36,$3F,$5F,$17
000C84r 1  36 3F 5F 17  
000C88r 1  01 63 3F 20  .byte $01,$63,$3F,$20,$2D,$29,$60,$EC
000C8Cr 1  2D 29 60 EC  
000C90r 1  FF 7F 36 3F  .byte $FF,$7F,$36,$3F,$1F,$5C,$22,$00
000C94r 1  1F 5C 22 00  
000C98r 1  68 20 0D 29  .byte $68,$20,$0D,$29,$20,$77,$43,$01
000C9Cr 1  20 77 43 01  
000CA0r 1  80 C4 F2 FC  .byte $80,$C4,$F2,$FC,$DC,$FC,$FA,$D8
000CA4r 1  DC FC FA D8  
000CA8r 1  00 86 DC 04  .byte $00,$86,$DC,$04,$B0,$24,$06,$37
000CACr 1  B0 24 06 37  
000CB0r 1  FF FE DC FC  .byte $FF,$FE,$DC,$FC,$FC,$FA,$C4,$80
000CB4r 1  FC FA C4 80  
000CB8r 1  26 04 B0 20  .byte $26,$04,$B0,$20,$04,$CC,$86,$00
000CBCr 1  04 CC 86 00  
000CC0r 1  00 00 00 1C  .byte $00,$00,$00,$1C,$26,$2F,$3F,$3F
000CC4r 1  26 2F 3F 3F  
000CC8r 1  00 00 1C 3E  .byte $00,$00,$1C,$3E,$7F,$7F,$7F,$7F
000CCCr 1  7F 7F 7F 7F  
000CD0r 1  1F 0F 07 03  .byte $1F,$0F,$07,$03,$01,$00,$00,$00
000CD4r 1  01 00 00 00  
000CD8r 1  3F 1F 0F 07  .byte $3F,$1F,$0F,$07,$02,$01,$00,$00
000CDCr 1  02 01 00 00  
000CE0r 1  00 00 00 38  .byte $00,$00,$00,$38,$4C,$DC,$F4,$F4
000CE4r 1  4C DC F4 F4  
000CE8r 1  00 00 38 74  .byte $00,$00,$38,$74,$FA,$FA,$FA,$FA
000CECr 1  FA FA FA FA  
000CF0r 1  E8 D0 A0 40  .byte $E8,$D0,$A0,$40,$80,$00,$00,$00
000CF4r 1  80 00 00 00  
000CF8r 1  F4 E8 D0 A0  .byte $F4,$E8,$D0,$A0,$40,$80,$00,$00
000CFCr 1  40 80 00 00  
000D00r 1  00 03 0F 30  .byte $00,$03,$0F,$30,$73,$73,$73,$70
000D04r 1  73 73 73 70  
000D08r 1  03 0F 3F FF  .byte $03,$0F,$3F,$FF,$FC,$FD,$FD,$FF
000D0Cr 1  FC FD FD FF  
000D10r 1  73 73 3F CF  .byte $73,$73,$3F,$CF,$33,$0C,$03,$00
000D14r 1  33 0C 03 00  
000D18r 1  FC FD F1 3F  .byte $FC,$FD,$F1,$3F,$0F,$03,$00,$00
000D1Cr 1  0F 03 00 00  
000D20r 1  80 20 C8 72  .byte $80,$20,$C8,$72,$3A,$3A,$3A,$7A
000D24r 1  3A 3A 3A 7A  
000D28r 1  00 C0 F0 BC  .byte $00,$C0,$F0,$BC,$DC,$DC,$DC,$9C
000D2Cr 1  DC DC DC 9C  
000D30r 1  FA FA F2 CE  .byte $FA,$FA,$F2,$CE,$38,$E0,$80,$00
000D34r 1  38 E0 80 00  
000D38r 1  3C FC FC F0  .byte $3C,$FC,$FC,$F0,$C0,$00,$00,$00
000D3Cr 1  C0 00 00 00  
000D40r 1  B0 B0 BF B0  .byte $B0,$B0,$BF,$B0,$BF,$BF,$B0,$B0
000D44r 1  BF BF B0 B0  
000D48r 1  E0 E0 E0 FF  .byte $E0,$E0,$E0,$FF,$EF,$E0,$E0,$E0
000D4Cr 1  EF E0 E0 E0  
000D50r 1  0B 0B FB 0B  .byte $0B,$0B,$FB,$0B,$FB,$FB,$0B,$0B
000D54r 1  FB FB 0B 0B  
000D58r 1  0E 0E 0E FE  .byte $0E,$0E,$0E,$FE,$F6,$0E,$0E,$0E
000D5Cr 1  F6 0E 0E 0E  
000D60r 1  00 00 00 0C  .byte $00,$00,$00,$0C,$3E,$3E,$7B,$FB
000D64r 1  3E 3E 7B FB  
000D68r 1  00 00 00 38  .byte $00,$00,$00,$38,$7C,$7C,$FE,$FE
000D6Cr 1  7C 7C FE FE  
000D70r 1  7B F3 F3 66  .byte $7B,$F3,$F3,$66,$7E,$3C,$00,$00
000D74r 1  7E 3C 00 00  
000D78r 1  FE FE 7C 7C  .byte $FE,$FE,$7C,$7C,$38,$00,$00,$00
000D7Cr 1  38 00 00 00  
000D80r 1  00 17 0F 1F  .byte $00,$17,$0F,$1F,$12,$30,$08,$18
000D84r 1  12 30 08 18  
000D88r 1  00 00 00 00  .byte $00,$00,$00,$00,$0D,$0F,$07,$07
000D8Cr 1  0D 0F 07 07  
000D90r 1  0F 1F 1F 13  .byte $0F,$1F,$1F,$13,$03,$0E,$0E,$0F
000D94r 1  03 0E 0E 0F  
000D98r 1  0F 1F 1F 1C  .byte $0F,$1F,$1F,$1C,$0C,$00,$0E,$0F
000D9Cr 1  0C 00 0E 0F  
000DA0r 1  00 C8 F8 F0  .byte $00,$C8,$F8,$F0,$40,$40,$00,$00
000DA4r 1  40 40 00 00  
000DA8r 1  00 00 00 00  .byte $00,$00,$00,$00,$A0,$B0,$E0,$C0
000DACr 1  A0 B0 E0 C0  
000DB0r 1  C0 E0 E0 C0  .byte $C0,$E0,$E0,$C0,$C0,$C0,$E0,$70
000DB4r 1  C0 C0 E0 70  
000DB8r 1  C0 E0 E0 20  .byte $C0,$E0,$E0,$20,$20,$00,$E0,$70
000DBCr 1  20 00 E0 70  
000DC0r 1  00 17 0F 1F  .byte $00,$17,$0F,$1F,$12,$30,$08,$18
000DC4r 1  12 30 08 18  
000DC8r 1  00 00 00 00  .byte $00,$00,$00,$00,$0D,$0F,$07,$07
000DCCr 1  0D 0F 07 07  
000DD0r 1  1F 1F 0F 0F  .byte $1F,$1F,$0F,$0F,$3F,$7C,$30,$18
000DD4r 1  3F 7C 30 18  
000DD8r 1  1F 3F 3F 00  .byte $1F,$3F,$3F,$00,$00,$60,$30,$18
000DDCr 1  00 60 30 18  
000DE0r 1  00 C8 F8 F0  .byte $00,$C8,$F8,$F0,$40,$40,$00,$00
000DE4r 1  40 40 00 00  
000DE8r 1  00 00 00 00  .byte $00,$00,$00,$00,$A0,$B0,$E0,$C0
000DECr 1  A0 B0 E0 C0  
000DF0r 1  C0 F0 F8 E4  .byte $C0,$F0,$F8,$E4,$FC,$FC,$7C,$00
000DF4r 1  FC FC 7C 00  
000DF8r 1  CC FC F8 04  .byte $CC,$FC,$F8,$04,$0C,$0C,$0C,$00
000DFCr 1  0C 0C 0C 00  
000E00r 1  00 17 0F 1F  .byte $00,$17,$0F,$1F,$12,$30,$08,$18
000E04r 1  12 30 08 18  
000E08r 1  00 00 00 00  .byte $00,$00,$00,$00,$0D,$0F,$07,$07
000E0Cr 1  0D 0F 07 07  
000E10r 1  0F 1F 1F 13  .byte $0F,$1F,$1F,$13,$03,$0E,$0E,$0F
000E14r 1  03 0E 0E 0F  
000E18r 1  0F 1F 1F 1C  .byte $0F,$1F,$1F,$1C,$0C,$00,$0E,$0F
000E1Cr 1  0C 00 0E 0F  
000E20r 1  00 C8 F8 F0  .byte $00,$C8,$F8,$F0,$40,$40,$00,$00
000E24r 1  40 40 00 00  
000E28r 1  00 00 00 00  .byte $00,$00,$00,$00,$A0,$B0,$E0,$C0
000E2Cr 1  A0 B0 E0 C0  
000E30r 1  C0 C0 C0 C0  .byte $C0,$C0,$C0,$C0,$C0,$C0,$E0,$00
000E34r 1  C0 C0 E0 00  
000E38r 1  C0 C0 E0 20  .byte $C0,$C0,$E0,$20,$00,$C0,$E0,$00
000E3Cr 1  00 C0 E0 00  
000E40r 1  00 00 17 0F  .byte $00,$00,$17,$0F,$1F,$12,$30,$08
000E44r 1  1F 12 30 08  
000E48r 1  00 00 00 00  .byte $00,$00,$00,$00,$00,$0D,$0F,$07
000E4Cr 1  00 0D 0F 07  
000E50r 1  18 1F 0F 0F  .byte $18,$1F,$0F,$0F,$3F,$7B,$43,$03
000E54r 1  3F 7B 43 03  
000E58r 1  07 1F 3F 37  .byte $07,$1F,$3F,$37,$20,$60,$43,$03
000E5Cr 1  20 60 43 03  
000E60r 1  00 00 C8 F8  .byte $00,$00,$C8,$F8,$F0,$40,$40,$00
000E64r 1  F0 40 40 00  
000E68r 1  00 00 00 00  .byte $00,$00,$00,$00,$00,$A0,$B0,$E0
000E6Cr 1  00 A0 B0 E0  
000E70r 1  00 E0 E0 C0  .byte $00,$E0,$E0,$C0,$C0,$80,$80,$C0
000E74r 1  C0 80 80 C0  
000E78r 1  C0 F8 F8 C0  .byte $C0,$F8,$F8,$C0,$00,$00,$80,$C0
000E7Cr 1  00 00 80 C0  
000E80r 1  00 17 0F 1F  .byte $00,$17,$0F,$1F,$12,$30,$08,$18
000E84r 1  12 30 08 18  
000E88r 1  00 00 00 00  .byte $00,$00,$00,$00,$0D,$0F,$07,$1F
000E8Cr 1  0D 0F 07 1F  
000E90r 1  3F 3F 0F 7F  .byte $3F,$3F,$0F,$7F,$7F,$7E,$40,$00
000E94r 1  7F 7E 40 00  
000E98r 1  3F 7F 6F 60  .byte $3F,$7F,$6F,$60,$60,$60,$40,$00
000E9Cr 1  60 60 40 00  
000EA0r 1  00 C8 F8 F0  .byte $00,$C8,$F8,$F0,$40,$40,$00,$00
000EA4r 1  40 40 00 00  
000EA8r 1  00 00 00 00  .byte $00,$00,$00,$00,$A0,$B0,$E0,$CC
000EACr 1  A0 B0 E0 CC  
000EB0r 1  D0 F8 F0 C4  .byte $D0,$F8,$F0,$C4,$FC,$FC,$7C,$00
000EB4r 1  FC FC 7C 00  
000EB8r 1  DC F8 F0 04  .byte $DC,$F8,$F0,$04,$0C,$0C,$0C,$00
000EBCr 1  0C 0C 0C 00  
000EC0r 1  00 17 0F 1F  .byte $00,$17,$0F,$1F,$1F,$3F,$0F,$7F
000EC4r 1  1F 3F 0F 7F  
000EC8r 1  00 00 00 00  .byte $00,$00,$00,$00,$00,$00,$30,$60
000ECCr 1  00 00 30 60  
000ED0r 1  7F 3F 1F 0F  .byte $7F,$3F,$1F,$0F,$0F,$0F,$0F,$0F
000ED4r 1  0F 0F 0F 0F  
000ED8r 1  7F 3F 1F 00  .byte $7F,$3F,$1F,$00,$00,$06,$0F,$0F
000EDCr 1  00 06 0F 0F  
000EE0r 1  00 E0 F0 FC  .byte $00,$E0,$F0,$FC,$FC,$FC,$FC,$FC
000EE4r 1  FC FC FC FC  
000EE8r 1  00 18 08 04  .byte $00,$18,$08,$04,$04,$00,$0C,$04
000EECr 1  04 00 0C 04  
000EF0r 1  F8 F8 F8 F8  .byte $F8,$F8,$F8,$F8,$F0,$00,$00,$00
000EF4r 1  F0 00 00 00  
000EF8r 1  F8 F8 C0 00  .byte $F8,$F8,$C0,$00,$70,$00,$00,$00
000EFCr 1  70 00 00 00  
000F00r 1  00 17 0F 1F  .byte $00,$17,$0F,$1F,$1A,$19,$0A,$7C
000F04r 1  1A 19 0A 7C  
000F08r 1  00 00 00 00  .byte $00,$00,$00,$00,$05,$66,$65,$63
000F0Cr 1  05 66 65 63  
000F10r 1  7F 3F 4F 7F  .byte $7F,$3F,$4F,$7F,$7F,$7E,$00,$00
000F14r 1  7F 7E 00 00  
000F18r 1  7F 3F 4F 60  .byte $7F,$3F,$4F,$60,$60,$60,$00,$00
000F1Cr 1  60 60 00 00  
000F20r 1  00 E8 F0 F8  .byte $00,$E8,$F0,$F8,$58,$9C,$50,$38
000F24r 1  58 9C 50 38  
000F28r 1  00 00 00 00  .byte $00,$00,$00,$00,$A0,$60,$A0,$C3
000F2Cr 1  A0 60 A0 C3  
000F30r 1  FC FE F0 E0  .byte $FC,$FE,$F0,$E0,$F0,$F0,$E0,$70
000F34r 1  F0 F0 E0 70  
000F38r 1  FF FE F0 00  .byte $FF,$FE,$F0,$00,$00,$00,$E0,$70
000F3Cr 1  00 00 E0 70  
000F40r 1  FF 80 80 9F  .byte $FF,$80,$80,$9F,$90,$97,$97,$97
000F44r 1  90 97 97 97  
000F48r 1  00 7F 7F 7F  .byte $00,$7F,$7F,$7F,$7F,$7F,$7F,$7F
000F4Cr 1  7F 7F 7F 7F  
000F50r 1  97 97 97 97  .byte $97,$97,$97,$97,$9F,$BF,$FF,$00
000F54r 1  9F BF FF 00  
000F58r 1  7F 7F 7F 78  .byte $7F,$7F,$7F,$78,$7F,$60,$40,$00
000F5Cr 1  7F 60 40 00  
000F60r 1  FE 02 06 FE  .byte $FE,$02,$06,$FE,$0E,$FE,$FE,$FE
000F64r 1  0E FE FE FE  
000F68r 1  00 FE FC F8  .byte $00,$FE,$FC,$F8,$F8,$E8,$E8,$E8
000F6Cr 1  F8 E8 E8 E8  
000F70r 1  FE FE FE FE  .byte $FE,$FE,$FE,$FE,$FE,$FE,$FE,$00
000F74r 1  FE FE FE 00  
000F78r 1  E8 E8 E8 08  .byte $E8,$E8,$E8,$08,$F8,$00,$00,$00
000F7Cr 1  F8 00 00 00  
000F80r 1  00 3F 7F 60  .byte $00,$3F,$7F,$60,$6E,$72,$76,$76
000F84r 1  6E 72 76 76  
000F88r 1  00 00 1F 3F  .byte $00,$00,$1F,$3F,$31,$2D,$29,$29
000F8Cr 1  31 2D 29 29  
000F90r 1  7E 60 60 7F  .byte $7E,$60,$60,$7F,$7C,$7E,$3F,$00
000F94r 1  7C 7E 3F 00  
000F98r 1  21 3F 3F 38  .byte $21,$3F,$3F,$38,$1B,$01,$00,$00
000F9Cr 1  1B 01 00 00  
000FA0r 1  00 FC FE 0E  .byte $00,$FC,$FE,$0E,$7E,$4E,$6E,$6E
000FA4r 1  7E 4E 6E 6E  
000FA8r 1  00 00 F8 FC  .byte $00,$00,$F8,$FC,$8C,$B4,$94,$94
000FACr 1  8C B4 94 94  
000FB0r 1  7E 0E 0E FE  .byte $7E,$0E,$0E,$FE,$3E,$7E,$FC,$00
000FB4r 1  3E 7E FC 00  
000FB8r 1  84 FC FC 1C  .byte $84,$FC,$FC,$1C,$D8,$80,$00,$00
000FBCr 1  D8 80 00 00  
000FC0r 1  00 7F 7F 60  .byte $00,$7F,$7F,$60,$7F,$7F,$77,$76
000FC4r 1  7F 7F 77 76  
000FC8r 1  00 00 3F 3F  .byte $00,$00,$3F,$3F,$00,$20,$29,$29
000FCCr 1  00 20 29 29  
000FD0r 1  72 6E 60 77  .byte $72,$6E,$60,$77,$7E,$3C,$1F,$00
000FD4r 1  7E 3C 1F 00  
000FD8r 1  2D 31 3F 3C  .byte $2D,$31,$3F,$3C,$19,$03,$00,$00
000FDCr 1  19 03 00 00  
000FE0r 1  00 FE FE 0E  .byte $00,$FE,$FE,$0E,$FE,$FE,$EE,$6E
000FE4r 1  FE FE EE 6E  
000FE8r 1  00 00 FC FC  .byte $00,$00,$FC,$FC,$00,$04,$94,$94
000FECr 1  00 04 94 94  
000FF0r 1  4E 7E 0E EE  .byte $4E,$7E,$0E,$EE,$7E,$3C,$F8,$00
000FF4r 1  7E 3C F8 00  
000FF8r 1  B4 8C FC 3C  .byte $B4,$8C,$FC,$3C,$98,$C0,$00,$00
000FFCr 1  98 C0 00 00  
001000r 1               ;;
001000r 1               
